Broadcast baseline, ranks/node:32, max msg size:32KB 
broadcast, 30.040741, 131.254917
isend, 7.152557, 41.474848
broadcast, 31.948090, 260.036869
isend, 8.106232, 83.183917
broadcast, 36.001205, 499.493160
isend, 9.059906, 153.548921
broadcast, 41.961670, 918.062090
isend, 10.967255, 184.845183
broadcast, 56.982040, 1565.882045
isend, 15.020370, 199.618329
broadcast, 97.036362, 2097.488437
isend, 22.888184, 207.997589
 
Broadcast Hybrid, ranks/node:1 number of threads: 32, max msg size:32KB 
isend, 2743.005753, 1.146935
mailroom, -121.116638, 23.430115
isend, 2724.885941, 2.283373
mailroom, -22.888184, 30.822821
isend, 2926.111221, 4.378290
mailroom, 121.831894, 32.177743
isend, 3042.936325, 8.724301
mailroom, 481.128693, 38.021740
isend, 3326.892853, 16.843603
mailroom, 1321.077347, 37.002234
isend, 3900.051117, 31.399559
mailroom, 3738.164902, 42.053947
 
Broadcast Hybrid, ranks/node:2 number of threads: 16, max msg size:32KB 
isend, 682.115555, 2.616168
mailroom, 158.071518, 47.997291
isend, 720.024109, 5.173581
mailroom, 200.033188, 75.028363
isend, 741.004944, 10.410176
mailroom, 333.070755, 70.916161
isend, 818.014145, 20.130424
mailroom, 700.950623, 59.560284
isend, 960.826874, 38.298544
mailroom, 1224.040985, 62.979063
isend, 1402.854919, 70.010527
mailroom, 2393.007278, 54.197694
 
Broadcast Hybrid, ranks/node:4 number of threads: 8, max msg size:32KB 
isend, 176.906586, 5.284529
mailroom, 94.175339, 78.361038
isend, 182.867050, 10.529238
mailroom, 114.917755, 125.279622
isend, 193.119049, 21.285033
mailroom, 159.978867, 186.519726
isend, 218.868256, 41.716358
mailroom, 365.972519, 122.331888
isend, 381.946564, 76.233263
mailroom, 1029.968262, 88.581641
isend, 710.964203, 123.646543
mailroom, 2405.881882, 75.160709
 
Broadcast Hybrid, ranks/node:8 number of threads: 4, max msg size:32KB 
isend, 56.982040, 9.390931
mailroom, 63.896179, 102.408769
isend, 61.988831, 18.565579
mailroom, 75.101852, 174.183634
isend, 69.141388, 37.131575
mailroom, 100.135803, 272.232953
isend, 91.075897, 72.575312
mailroom, 296.115875, 166.940992
isend, 134.944916, 135.779742
mailroom, 1000.165939, 126.612970
isend, 296.831131, 157.111937
mailroom, 1831.054688, 103.348363
 
Broadcast Hybrid, ranks/node:16 number of threads: 2, max msg size:32KB 
isend, 22.888184, 14.701720
mailroom, 51.021576, 118.265118
isend, 24.080276, 29.624414
mailroom, 56.028366, 220.624722
isend, 27.894974, 59.936674
mailroom, 72.002411, 354.609776
isend, 34.093857, 119.426822
mailroom, 298.023224, 262.386130
isend, 51.975250, 172.403191
mailroom, 486.135483, 169.729123
isend, 108.003616, 187.246249
mailroom, 1620.054245, 147.843070
 
Broadcast Hybrid, ranks/node:32 number of threads: 1, max msg size:32KB 
isend, 6.914139, 37.923248
mailroom, 38.862228, 111.300265
isend, 8.106232, 79.485807
mailroom, 43.153763, 209.886467
isend, 9.059906, 152.262705
mailroom, 53.167343, 377.282456
isend, 10.967255, 183.918084
mailroom, 68.902969, 609.087048
isend, 16.212463, 199.569517
mailroom, 110.864639, 277.639828
isend, 27.179718, 207.709515
mailroom, 1054.048538, 198.273180
 
