Broadcast baseline, ranks/node:32, max msg size:32KB 
broadcast, 8.106232, 441.982989
isend, 2.145767, 121.714673
broadcast, 9.059906, 746.857514
isend, 3.099442, 185.365787
broadcast, 11.920929, 1212.020336
isend, 4.053116, 208.473764
broadcast, 20.027161, 1892.449520
isend, 5.006790, 218.737656
broadcast, 38.862228, 2068.502414
isend, 10.967255, 241.492681
broadcast, 76.055527, 2196.743566
isend, 30.994415, 223.486586
 
Broadcast Hybrid, ranks/node:1 number of threads: 32, max msg size:32KB 
isend, -881.910324, 2.539603
mailroom, -2315.044403, 62.769257
isend, -1157.999039, 6.145339
mailroom, -2269.029617, 92.581631
isend, -1049.995422, 11.640366
mailroom, -2163.171768, 91.058544
isend, -1030.921936, 23.591782
mailroom, -1925.945282, 98.558928
isend, -796.079636, 42.775408
mailroom, -1083.850861, 78.182521
isend, -232.934952, 69.346273
mailroom, 303.030014, 72.399117
 
Broadcast Hybrid, ranks/node:2 number of threads: 16, max msg size:32KB 
isend, 191.211700, 10.323824
mailroom, 49.114227, 155.595315
isend, 214.099884, 19.437015
mailroom, 72.956085, 218.590171
isend, 222.921371, 39.967422
mailroom, 115.871429, 270.778476
isend, 275.850296, 72.789374
mailroom, 231.027603, 229.854097
isend, 513.076782, 124.259657
mailroom, 582.933426, 176.304508
isend, 892.877579, 159.967668
mailroom, 1146.078110, 156.095349
 
Broadcast Hybrid, ranks/node:4 number of threads: 8, max msg size:32KB 
isend, 51.021576, 19.837229
mailroom, 29.087067, 256.144081
isend, 56.028366, 38.873015
mailroom, 40.054321, 375.705709
isend, 77.962875, 81.064857
mailroom, 61.988831, 479.456164
isend, 117.063522, 146.496352
mailroom, 158.071518, 347.030967
isend, 203.847885, 189.719164
mailroom, 407.218933, 268.942241
isend, 381.946564, 210.046123
mailroom, 811.815262, 267.516152
 
Broadcast Hybrid, ranks/node:8 number of threads: 4, max msg size:32KB 
isend, 18.835068, 32.354586
mailroom, 19.073486, 330.447831
isend, 23.126602, 64.440701
mailroom, 26.941299, 502.612147
isend, 28.848648, 131.671871
mailroom, 40.054321, 698.586433
isend, 46.968460, 178.219168
mailroom, 102.996826, 482.702237
isend, 85.115433, 230.624341
mailroom, 174.999237, 486.253089
isend, 172.853470, 242.268297
mailroom, 537.872314, 394.316686
 
Broadcast Hybrid, ranks/node:16 number of threads: 2, max msg size:32KB 
isend, 7.152557, 48.304692
mailroom, 13.113022, 403.847197
isend, 9.059906, 98.324363
mailroom, 17.881393, 671.384608
isend, 11.920929, 173.227089
mailroom, 27.179718, 956.593071
isend, 18.835068, 197.065902
mailroom, 78.916550, 1005.058572
isend, 36.001205, 254.846570
mailroom, 197.172165, 623.688327
isend, 72.956085, 263.608636
mailroom, 416.994095, 542.965525
 
Broadcast Hybrid, ranks/node:32 number of threads: 1, max msg size:32KB 
isend, 2.861023, 108.789189
mailroom, 10.013580, 389.829783
isend, 3.099442, 186.238536
mailroom, 12.874603, 671.458899
isend, 4.053116, 222.089606
mailroom, 20.027161, 959.972813
isend, 5.960464, 235.051326
mailroom, 33.140182, 1346.640283
isend, 10.967255, 267.887837
mailroom, 122.070312, 763.671311
isend, 29.802322, 274.573144
mailroom, 308.990479, 726.360766
 
