Scatter baseline, ranks/node:32, max msg size:32KB 
scatter, 188.112259, 38.771449
isend, 81.062317, 29.257801
scatter, 249.147415, 59.731790
isend, 82.015991, 58.695939
scatter, 391.960144, 76.194347
isend, 82.969666, 114.900350
scatter, 738.143921, 82.666119
isend, 85.830688, 156.267492
scatter, 1431.941986, 85.461462
isend, 88.930130, 190.306716
scatter, 2849.102020, 86.250943
isend, 102.043152, 196.654723
 
Scatter Hybrid, ranks/node:1 number of threads: 32, max msg size:32KB 
isend, 1308.202744, 1.134826
mailroom, -1066.923141, 17.199981
isend, 1436.948776, 2.280566
mailroom, -651.836395, 22.343314
isend, 1595.020294, 4.460331
mailroom, -712.871552, 25.900509
isend, 1876.831055, 8.477064
mailroom, -69.141388, 30.593305
isend, 2337.932587, 15.895425
mailroom, 4047.870636, 34.431959
isend, 3114.938736, 29.143384
mailroom, 11270.999908, 31.325376
 
Scatter Hybrid, ranks/node:2 number of threads: 16, max msg size:32KB 
isend, 740.051270, 2.535396
mailroom, 245.809555, 35.485524
isend, 752.210617, 5.125220
mailroom, 335.931778, 49.607904
isend, 846.862793, 9.817833
mailroom, 865.936279, 56.789807
isend, 987.052917, 18.701943
mailroom, 1214.981079, 56.660315
isend, 1271.963120, 35.116560
mailroom, 2117.156982, 63.675825
isend, 2447.128296, 64.175101
mailroom, 6734.848022, 60.509474
 
Scatter Hybrid, ranks/node:4 number of threads: 8, max msg size:32KB 
isend, 240.802765, 5.057056
mailroom, 168.085098, 49.292711
isend, 245.094299, 10.171788
mailroom, 205.993652, 76.528402
isend, 260.829926, 20.218609
mailroom, 301.122665, 106.826646
isend, 360.012054, 37.723572
mailroom, 620.126724, 112.517929
isend, 655.889511, 68.359570
mailroom, 1167.058945, 119.804490
isend, 1044.034958, 118.733180
mailroom, 2378.940582, 114.477744
 
Scatter Hybrid, ranks/node:8 number of threads: 4, max msg size:32KB 
isend, 124.931335, 8.631078
mailroom, 127.077103, 44.321617
isend, 129.938126, 16.917449
mailroom, 145.912170, 77.167886
isend, 138.998032, 33.732255
mailroom, 186.920166, 113.522431
isend, 164.985657, 65.202012
mailroom, 289.916992, 140.081765
isend, 263.929367, 115.393091
mailroom, 640.869141, 143.703100
isend, 488.042831, 154.227764
mailroom, 1291.036606, 156.201423
 
Scatter Hybrid, ranks/node:16 number of threads: 2, max msg size:32KB 
isend, 93.936920, 12.730261
mailroom, 105.857849, 23.348427
isend, 94.175339, 25.133873
mailroom, 117.063522, 46.695011
isend, 97.990036, 50.487017
mailroom, 138.998032, 101.223232
isend, 103.950500, 103.766992
mailroom, 180.959702, 145.789444
isend, 125.169754, 159.537144
mailroom, 320.911407, 158.946812
isend, 234.127045, 183.984329
mailroom, 706.911087, 164.102508
 
Scatter Hybrid, ranks/node:32 number of threads: 1, max msg size:32KB 
isend, 80.823898, 28.399365
mailroom, 88.930130, 26.851599
isend, 81.777573, 56.614163
mailroom, 92.983246, 52.685170
isend, 82.969666, 111.058446
mailroom, 103.950500, 100.859544
isend, 85.115433, 155.887404
mailroom, 122.070312, 141.116139
isend, 90.122223, 190.334241
mailroom, 150.918961, 155.844458
isend, 105.857849, 210.283116
mailroom, 344.991684, 159.453843
 
