Scatter baseline, ranks/node:32, max msg size:32KB 
scatter, 80.108643, 65.817541
isend, 20.027161, 65.086383
scatter, 135.183334, 97.108094
isend, 20.027161, 109.330859
scatter, 249.147415, 102.480848
isend, 20.980835, 141.517491
scatter, 514.984131, 106.594207
isend, 24.080276, 164.406277
scatter, 1035.213470, 113.079029
isend, 30.994415, 185.991811
scatter, 2079.963684, 115.272118
isend, 49.829483, 204.007050
 
Scatter Hybrid, ranks/node:1 number of threads: 32, max msg size:32KB 
isend, -993.013382, 2.681943
mailroom, -2115.011215, 33.913601
isend, -647.068024, 4.390742
mailroom, -1968.145370, 45.738380
isend, -720.977783, 9.154892
mailroom, -1661.062241, 55.597922
isend, -519.990921, 16.576065
mailroom, -888.109207, 58.363575
isend, -426.054001, 32.074790
mailroom, 1683.950424, 49.234355
isend, -387.907028, 67.803050
mailroom, 5403.041840, 52.436660
 
Scatter Hybrid, ranks/node:2 number of threads: 16, max msg size:32KB 
isend, 211.000443, 9.264536
mailroom, 88.930130, 65.982836
isend, 227.212906, 18.206593
mailroom, 145.912170, 89.877064
isend, 249.147415, 35.469672
mailroom, 255.107880, 101.491288
isend, 305.891037, 63.696604
mailroom, 509.977341, 105.650418
isend, 554.084778, 109.151148
mailroom, 1094.102859, 102.109518
isend, 906.944275, 140.265015
mailroom, 2279.043198, 102.250118
 
Scatter Hybrid, ranks/node:4 number of threads: 8, max msg size:32KB 
isend, 66.995621, 16.878792
mailroom, 51.975250, 80.823229
isend, 73.909760, 32.716344
mailroom, 80.108643, 105.385065
isend, 97.990036, 65.037746
mailroom, 138.044357, 127.839801
isend, 147.104263, 114.966302
mailroom, 259.876251, 151.767537
isend, 229.835510, 146.533202
mailroom, 551.939011, 161.198342
isend, 399.827957, 179.727748
mailroom, 1161.098480, 165.591320
 
Scatter Hybrid, ranks/node:8 number of threads: 4, max msg size:32KB 
isend, 36.001205, 25.758714
mailroom, 36.001205, 88.229561
isend, 41.007996, 49.998978
mailroom, 49.114227, 114.113382
isend, 47.922134, 94.497145
mailroom, 78.916550, 161.201653
isend, 70.810318, 142.678232
mailroom, 141.859055, 153.513547
isend, 109.910965, 168.790597
mailroom, 288.963318, 169.918131
isend, 190.019608, 195.865181
mailroom, 571.966171, 174.599341
 
Scatter Hybrid, ranks/node:16 number of threads: 2, max msg size:32KB 
isend, 24.080276, 33.083711
mailroom, 28.133392, 53.446350
isend, 25.033951, 64.734586
mailroom, 34.093857, 98.621888
isend, 28.848648, 119.750872
mailroom, 46.968460, 130.849477
isend, 37.193298, 183.062731
mailroom, 80.108643, 188.055319
isend, 56.982040, 199.020129
mailroom, 158.071518, 192.236475
isend, 91.075897, 225.393354
mailroom, 308.990479, 201.778913
 
Scatter Hybrid, ranks/node:32 number of threads: 1, max msg size:32KB 
isend, 20.027161, 80.112110
mailroom, 22.888184, 73.859192
isend, 20.027161, 139.807270
mailroom, 24.080276, 126.001353
isend, 20.980835, 180.346631
mailroom, 30.040741, 160.064010
isend, 23.126602, 213.739940
mailroom, 44.107437, 192.373626
isend, 29.802322, 223.983026
mailroom, 84.161758, 191.563305
isend, 47.922134, 231.576770
mailroom, 172.853470, 198.311968
 
