Broadcast baseline, ranks/node:32, max msg size:32KB 
broadcast, 8.106232, 451.418259
isend, 2.145767, 122.878188
broadcast, 9.059906, 758.553637
isend, 2.861023, 185.063237
broadcast, 12.159348, 1234.699549
isend, 4.053116, 205.376981
broadcast, 20.980835, 1900.379142
isend, 5.006790, 219.121288
broadcast, 38.862228, 2095.586178
isend, 12.159348, 245.442911
broadcast, 74.863434, 2199.821174
isend, 30.994415, 226.004346
 
Broadcast Hybrid, ranks/node:1 number of threads: 32, max msg size:32KB 
isend, 1606.941223, 2.527543
mailroom, 167.131424, 63.924764
isend, 1641.988754, 5.035870
mailroom, 231.981277, 92.605860
isend, 1739.978790, 9.709862
mailroom, 349.044800, 91.110524
isend, 1816.987991, 19.153447
mailroom, 605.106354, 99.414241
isend, 2002.000809, 36.583337
mailroom, 1451.969147, 78.756012
isend, 2193.927765, 74.111360
mailroom, 2881.050110, 72.551798
 
Broadcast Hybrid, ranks/node:2 number of threads: 16, max msg size:32KB 
isend, 194.072723, 10.192380
mailroom, 50.067902, 156.735943
isend, 214.099884, 19.402846
mailroom, 70.095062, 212.988337
isend, 224.113464, 39.531922
mailroom, 108.957291, 268.750202
isend, 267.028809, 75.740722
mailroom, 298.023224, 217.005149
isend, 517.129898, 123.488841
mailroom, 658.035278, 179.337040
isend, 888.109207, 161.121404
mailroom, 1313.924789, 185.175584
 
Broadcast Hybrid, ranks/node:4 number of threads: 8, max msg size:32KB 
isend, 48.160553, 21.362916
mailroom, 27.894974, 255.157184
isend, 55.074692, 39.619106
mailroom, 39.100647, 370.227257
isend, 77.009201, 83.617765
mailroom, 64.849854, 453.791649
isend, 119.924545, 141.849575
mailroom, 143.051147, 385.172368
isend, 203.847885, 191.708440
mailroom, 327.110291, 281.888211
isend, 390.052795, 209.923293
mailroom, 548.124313, 264.091171
 
Broadcast Hybrid, ranks/node:8 number of threads: 4, max msg size:32KB 
isend, 16.927719, 33.411799
mailroom, 17.881393, 330.187443
isend, 21.934509, 65.153626
mailroom, 25.033951, 510.030803
isend, 28.848648, 122.104567
mailroom, 40.054321, 677.538547
isend, 43.869019, 177.484210
mailroom, 65.088272, 487.667851
isend, 82.015991, 231.897022
mailroom, 257.015228, 491.095448
isend, 167.131424, 242.492347
mailroom, 551.939011, 399.950232
 
Broadcast Hybrid, ranks/node:16 number of threads: 2, max msg size:32KB 
isend, 6.914139, 47.081123
mailroom, 12.874603, 427.487130
isend, 8.106232, 96.196216
mailroom, 16.927719, 740.108324
isend, 11.205673, 175.827902
mailroom, 26.941299, 1001.235962
isend, 18.119812, 211.138816
mailroom, 118.017197, 597.413844
isend, 35.047531, 255.277197
mailroom, 184.774399, 618.296962
isend, 72.002411, 263.392388
mailroom, 405.073166, 588.979771
 
Broadcast Hybrid, ranks/node:32 number of threads: 1, max msg size:32KB 
isend, 1.907349, 108.774672
mailroom, 10.013580, 408.248697
isend, 2.145767, 185.855620
mailroom, 12.874603, 705.354087
isend, 3.099442, 216.770329
mailroom, 19.073486, 1047.258967
isend, 5.006790, 237.667008
mailroom, 35.047531, 1382.683126
isend, 10.013580, 268.710781
mailroom, 122.070312, 796.182368
isend, 28.848648, 274.624359
mailroom, 321.149826, 640.505008
 
