P2P baseline, ranks/node:32, max msg size:64KB 
send & recv, 1.907349, 2984.824470
send & recv, 2.861023, 4099.074306
send & recv, 3.099442, 8102.567907
send & recv, 5.006790, 11497.443005
send & recv, 10.013580, 11279.134307
send & recv, 28.133392, 8420.971478
send & recv, 52.928925, 9124.621902
 
P2P Hybrid, ranks/node:1 number of threads: 32, max msg size:64KB 
send, -2488.851547, 35.412469
send, -2460.956573, 69.516191
send, -2373.933792, 125.440355
send, -2393.007278, 244.918994
send, -2244.949341, 266.293086
send, -1792.907715, 269.310362
send, -875.949860, 271.200391
 
P2P Hybrid, ranks/node:2 number of threads: 16, max msg size:64KB 
send, 27.894974, 193.034772
send, 32.901764, 376.064021
send, 45.061111, 583.359963
send, 72.002411, 782.080971
send, 153.064728, 782.691128
send, 375.032425, 652.068359
send, 725.984573, 677.302090
 
P2P Hybrid, ranks/node:4 number of threads: 8, max msg size:64KB 
send, 13.113022, 438.047928
send, 13.113022, 857.753893
send, 19.073486, 1342.076270
send, 32.901764, 1750.955817
send, 72.956085, 1643.685476
send, 180.959702, 1355.205992
send, 357.866287, 1383.314805
 
P2P Hybrid, ranks/node:8 number of threads: 4, max msg size:64KB 
send, 6.914139, 870.276530
send, 7.867813, 1441.555585
send, 8.821487, 2667.057349
send, 15.974045, 3392.316870
send, 36.954880, 3177.329721
send, 92.029572, 2634.385370
send, 182.151794, 2706.453773
 
P2P Hybrid, ranks/node:16 number of threads: 2, max msg size:64KB 
send, 4.053116, 1040.445542
send, 5.006790, 2180.971081
send, 6.198883, 3639.716091
send, 6.914139, 6563.609504
send, 15.974045, 6689.428853
send, 42.915344, 5484.092316
send, 86.069107, 5654.075465
 
P2P Hybrid, ranks/node:32 number of threads: 1, max msg size:64KB 
send, 0.953674, 3372.720161
send, 0.953674, 3395.577294
send, 1.907349, 6796.507166
send, 2.145767, 8179.730404
send, 4.053116, 12930.313314
send, 9.775162, 11882.365740
send, 24.080276, 10046.294877
send, 45.061111, 10860.164159
 
