Scatter baseline, ranks/node:32, max msg size:32KB 
scatter, 77.962875, 94.757620
isend, 20.027161, 91.659869
scatter, 131.130219, 114.759088
isend, 20.980835, 148.540479
scatter, 238.895416, 127.581349
isend, 20.980835, 187.500769
scatter, 506.162643, 120.777105
isend, 25.033951, 206.812153
scatter, 1041.889191, 118.079479
isend, 31.948090, 212.653320
scatter, 2117.872238, 116.418869
isend, 50.067902, 219.883557
 
Scatter Hybrid, ranks/node:1 number of threads: 32, max msg size:32KB 
isend, 2872.943878, 2.731282
mailroom, 1729.011536, 42.408165
isend, 2706.050873, 6.042936
mailroom, 1868.963242, 53.544531
isend, 2980.947495, 10.087542
mailroom, 2174.854279, 61.901760
isend, 2807.140350, 22.758285
mailroom, 2923.011780, 63.428171
isend, 2937.793732, 42.947832
mailroom, 5378.961563, 51.474129
isend, 3484.964371, 67.450725
mailroom, 9176.015854, 53.394279
 
Scatter Hybrid, ranks/node:2 number of threads: 16, max msg size:32KB 
isend, 211.954117, 9.927773
mailroom, 87.976456, 95.025212
isend, 220.060349, 19.916225
mailroom, 145.912170, 116.976350
isend, 252.962112, 37.251997
mailroom, 251.054764, 128.326858
isend, 297.069550, 73.249617
mailroom, 504.970551, 127.314837
isend, 558.137894, 118.901110
mailroom, 1093.864441, 114.199697
isend, 913.858414, 146.873466
mailroom, 2244.949341, 106.188090
 
Scatter Hybrid, ranks/node:4 number of threads: 8, max msg size:32KB 
isend, 65.088272, 19.869326
mailroom, 51.975250, 116.053638
isend, 74.148178, 36.242792
mailroom, 77.009201, 145.837200
isend, 97.990036, 77.043430
mailroom, 133.037567, 169.173490
isend, 149.965286, 132.612654
mailroom, 246.047974, 181.368770
isend, 233.888626, 163.943623
mailroom, 535.011292, 179.639003
isend, 406.980515, 188.408024
mailroom, 1055.002213, 179.749561
 
Scatter Hybrid, ranks/node:8 number of threads: 4, max msg size:32KB 
isend, 34.093857, 30.384669
mailroom, 36.001205, 114.338832
isend, 38.862228, 58.105029
mailroom, 47.922134, 149.420340
isend, 46.014786, 116.139667
mailroom, 75.101852, 182.442930
isend, 67.949295, 167.465866
mailroom, 137.090683, 203.290095
isend, 104.904175, 192.689042
mailroom, 281.095505, 205.797216
isend, 185.012817, 215.729062
mailroom, 546.932220, 195.373096
 
Scatter Hybrid, ranks/node:16 number of threads: 2, max msg size:32KB 
isend, 22.888184, 42.301431
mailroom, 28.133392, 79.336640
isend, 24.080276, 82.583163
mailroom, 33.140182, 151.247929
isend, 27.894974, 159.605545
mailroom, 46.014786, 181.056780
isend, 36.954880, 191.503717
mailroom, 77.962875, 196.855112
isend, 54.836273, 213.936108
mailroom, 155.925751, 208.695564
isend, 89.883804, 231.691029
mailroom, 298.023224, 209.306675
 
Scatter Hybrid, ranks/node:32 number of threads: 1, max msg size:32KB 
isend, 18.835068, 86.155762
mailroom, 20.980835, 81.332252
isend, 19.073486, 153.937219
mailroom, 22.888184, 140.429491
isend, 20.027161, 196.795586
mailroom, 28.133392, 172.572605
isend, 22.888184, 225.406834
mailroom, 43.869019, 194.293805
isend, 28.133392, 230.242437
mailroom, 87.976456, 190.998855
isend, 49.114227, 237.684021
mailroom, 174.999237, 200.316984
 
